0.8839 0.1161 
0.8835 0.1165 
0.8836 0.1164 
0.8611 0.1389 
0.9024 0.0976 
0.9182 0.0818 
0.9027 0.0973 
0.9024 0.0976 
0.8618 0.1382 
0.8615 0.1385 
0.8343 0.1657 
0.8615 0.1385 
0.8339 0.1661 
0.834 0.166 
0.8611 0.1389 
0.8836 0.1164 
0.9024 0.0976 
0.8837 0.1163 
0.9024 0.0976 
0.9314 0.0686 
0.9181 0.0819 
0.9314 0.0686 
0.9181 0.0819 
0.9184 0.0816 
0.8842 0.1158 
0.8844 0.1156 
0.8346 0.1654 
0.8018 0.1982 
0.8015 0.1985 
0.8004 0.1996 
0.8339 0.1661 
0.8837 0.1163 
0.9024 0.0976 
0.8612 0.1388 
0.9182 0.0818 
0.8613 0.1387 
0.9182 0.0818 
0.9314 0.0686 
0.9313 0.0687 
0.9316 0.0684 
0.9428 0.0572 
0.9186 0.0814 
0.903 0.097 
0.9029 0.0971 
0.862 0.138 
0.8352 0.1648 
0.8021 0.1979 
0.8349 0.1651 
0.7607 0.2393 
0.7603 0.2397 
0.801 0.199 
0.7597 0.2403 
0.8005 0.1995 
0.7587 0.2413 
0.8006 0.1994 
0.8838 0.1162 
0.8614 0.1386 
0.8342 0.1658 
0.9182 0.0818 
0.9314 0.0686 
0.8341 0.1659 
0.9426 0.0574 
0.9425 0.0575 
0.952 0.048 
0.9427 0.0573 
0.9428 0.0572 
0.9317 0.0683 
0.9032 0.0968 
0.8845 0.1155 
0.8846 0.1154 
0.8622 0.1378 
0.8023 0.1977 
0.761 0.239 
0.7089 0.2911 
0.7081 0.2919 
0.7075 0.2925 
0.7589 0.2411 
0.7062 0.2938 
0.8838 0.1162 
0.9025 0.0975 
0.9025 0.0975 
0.8343 0.1657 
0.8614 0.1386 
0.8009 0.1991 
0.7593 0.2407 
0.9518 0.0482 
0.9521 0.0479 
0.9521 0.0479 
0.9523 0.0477 
0.9431 0.0569 
0.9429 0.0571 
0.9319 0.0681 
0.9187 0.0813 
0.8623 0.1377 
0.8846 0.1154 
0.8623 0.1377 
0.8354 0.1646 
0.8353 0.1647 
0.8024 0.1976 
0.7612 0.2388 
0.6414 0.3586 
0.7086 0.2914 
0.641 0.359 
0.6404 0.3596 
0.7071 0.2929 
0.8836 0.1164 
0.8614 0.1386 
0.9183 0.0817 
0.9182 0.0818 
0.9315 0.0685 
0.8011 0.1989 
0.9426 0.0574 
0.7597 0.2403 
0.9518 0.0482 
0.7069 0.2931 
0.7075 0.2925 
0.9594 0.0406 
0.9656 0.0344 
0.9594 0.0406 
0.9596 0.0404 
0.9598 0.0402 
0.96 0.04 
0.9601 0.0399 
0.9663 0.0337 
0.9524 0.0476 
0.9525 0.0475 
0.932 0.068 
0.9431 0.0569 
0.9188 0.0812 
0.9032 0.0968 
0.862 0.138 
0.8026 0.1974 
0.762 0.238 
0.7614 0.2386 
0.7091 0.2909 
0.6416 0.3584 
0.5518 0.4482 
0.5517 0.4483 
0.6394 0.3606 
0.637 0.363 
0.5473 0.4527 
0.6389 0.3611 
0.6399 0.3601 
0.9025 0.0975 
0.9027 0.0973 
0.8344 0.1656 
0.8344 0.1656 
0.8346 0.1654 
0.8013 0.1987 
0.9317 0.0683 
0.7601 0.2399 
0.8012 0.1988 
0.9427 0.0573 
0.9427 0.0573 
0.7599 0.2401 
0.9519 0.0481 
0.9596 0.0404 
0.6404 0.3596 
0.7078 0.2922 
0.9651 0.0349 
0.966 0.034 
0.9663 0.0337 
0.9663 0.0337 
0.9602 0.0398 
0.9602 0.0398 
0.9432 0.0568 
0.932 0.068 
0.9321 0.0679 
0.9189 0.0811 
0.9032 0.0968 
0.8844 0.1156 
0.9031 0.0969 
0.8846 0.1154 
0.8353 0.1647 
0.8351 0.1649 
0.7602 0.2398 
0.7093 0.2907 
0.7089 0.2911 
0.6418 0.3582 
0.441 0.559 
0.5514 0.4486 
0.4407 0.5593 
0.44 0.56 
0.5508 0.4492 
0.4353 0.5647 
0.5497 0.4503 
0.4396 0.5604 
0.5493 0.4507 
0.436 0.564 
0.4399 0.5601 
0.8617 0.1383 
0.8842 0.1158 
0.8616 0.1384 
0.9182 0.0818 
0.8015 0.1985 
0.8014 0.1986 
0.9313 0.0687 
0.952 0.048 
0.708 0.292 
0.9655 0.0345 
0.5505 0.4495 
0.4407 0.5593 
0.551 0.449 
0.9726 0.0274 
0.9701 0.0299 
0.9688 0.0312 
0.9702 0.0298 
0.9705 0.0295 
0.9708 0.0292 
0.9734 0.0266 
0.9734 0.0266 
0.9708 0.0292 
0.9708 0.0292 
0.9525 0.0475 
0.9432 0.0568 
0.9189 0.0811 
0.9188 0.0812 
0.8842 0.1158 
0.9031 0.0969 
0.8619 0.1381 
0.8624 0.1376 
0.8348 0.1652 
0.8016 0.1984 
0.8018 0.1982 
0.7604 0.2396 
0.7084 0.2916 
0.6417 0.3583 
0.5518 0.4482 
0.4409 0.5591 
0.5516 0.4484 
0.4416 0.5584 
0.3538 0.6462 
0.4416 0.5584 
0.3539 0.6461 
0.3539 0.6461 
0.4411 0.5589 
0.4414 0.5586 
0.441 0.559 
0.441 0.559 
0.3535 0.6465 
0.3511 0.6489 
0.3528 0.6472 
0.4395 0.5605 
0.8839 0.1161 
0.884 0.116 
0.9026 0.0974 
0.8615 0.1385 
0.9026 0.0974 
0.9183 0.0817 
0.9315 0.0685 
0.9426 0.0574 
0.8015 0.1985 
0.7604 0.2396 
0.8345 0.1655 
0.8346 0.1654 
0.952 0.048 
0.7602 0.2398 
0.7603 0.2397 
0.952 0.048 
0.9597 0.0403 
0.6407 0.3593 
0.5513 0.4487 
0.9658 0.0342 
0.9703 0.0297 
0.4412 0.5588 
0.4417 0.5583 
0.4412 0.5588 
0.9704 0.0296 
0.9729 0.0271 
0.9724 0.0276 
0.9726 0.0274 
0.9728 0.0272 
0.9734 0.0266 
0.9729 0.0271 
0.9663 0.0337 
0.9602 0.0398 
0.9663 0.0337 
0.9602 0.0398 
0.9525 0.0475 
0.9432 0.0568 
0.9321 0.0679 
0.932 0.068 
0.9188 0.0812 
0.9026 0.0974 
0.9029 0.0971 
0.6413 0.3587 
0.6408 0.3592 
0.4415 0.5585 
0.3537 0.6463 
0.2826 0.7174 
0.2827 0.7173 
0.2828 0.7172 
0.3538 0.6462 
0.2828 0.7172 
0.2824 0.7176 
0.2825 0.7175 
0.3527 0.6473 
0.2828 0.7172 
0.3537 0.6463 
0.8838 0.1162 
0.9025 0.0975 
0.8614 0.1386 
0.9314 0.0686 
0.9183 0.0817 
0.9315 0.0685 
0.9427 0.0573 
0.7081 0.2919 
0.7604 0.2396 
0.7082 0.2918 
0.8014 0.1986 
0.7082 0.2918 
0.9597 0.0403 
0.6409 0.3591 
0.9659 0.0341 
0.4414 0.5586 
0.3545 0.6455 
0.2832 0.7168 
0.3543 0.6457 
0.9703 0.0297 
0.9727 0.0273 
0.9726 0.0274 
0.9727 0.0273 
0.9732 0.0268 
0.9731 0.0269 
0.9733 0.0267 
0.9732 0.0268 
0.9735 0.0265 
0.9732 0.0268 
0.971 0.029 
0.9709 0.0291 
0.9602 0.0398 
0.9525 0.0475 
0.9431 0.0569 
0.943 0.057 
0.9319 0.0681 
0.9183 0.0817 
0.9185 0.0815 
0.8834 0.1166 
0.8838 0.1162 
0.8614 0.1386 
0.8608 0.1392 
0.8343 0.1657 
0.8011 0.1989 
0.7599 0.2401 
0.7587 0.2413 
0.7079 0.2921 
0.5507 0.4493 
0.4403 0.5597 
0.5513 0.4487 
0.4413 0.5587 
0.4406 0.5594 
0.2827 0.7173 
0.2294 0.7706 
0.2294 0.7706 
0.2827 0.7173 
0.2293 0.7707 
0.2822 0.7178 
0.2294 0.7706 
0.23 0.77 
0.9023 0.0977 
0.8612 0.1388 
0.8836 0.1164 
0.9182 0.0818 
0.918 0.082 
0.9313 0.0687 
0.9426 0.0574 
0.9519 0.0481 
0.9595 0.0405 
0.641 0.359 
0.8344 0.1656 
0.9597 0.0403 
0.5515 0.4485 
0.641 0.359 
0.5515 0.4485 
0.9659 0.0341 
0.4419 0.5581 
0.2836 0.7164 
0.2835 0.7165 
0.2302 0.7698 
0.9699 0.0301 
0.9726 0.0274 
0.9657 0.0343 
0.9725 0.0275 
0.9729 0.0271 
0.9728 0.0272 
0.9725 0.0275 
0.9726 0.0274 
0.9727 0.0273 
0.9729 0.0271 
0.9729 0.0271 
0.973 0.027 
0.9731 0.0269 
0.9733 0.0267 
0.9731 0.0269 
0.9734 0.0266 
0.9708 0.0292 
0.9664 0.0336 
0.9525 0.0475 
0.9427 0.0573 
0.9317 0.0683 
0.9179 0.0821 
0.9022 0.0978 
0.8335 0.1665 
0.8002 0.1998 
0.7569 0.2431 
0.7068 0.2932 
0.7043 0.2957 
0.6398 0.3602 
0.5492 0.4508 
0.4407 0.5593 
0.4398 0.5602 
0.4411 0.5589 
0.3536 0.6464 
0.2826 0.7174 
0.2826 0.7174 
0.2293 0.7707 
0.2293 0.7707 
0.1879 0.8121 
0.1879 0.8121 
0.2293 0.7707 
0.2294 0.7706 
0.188 0.812 
0.2294 0.7706 
0.2293 0.7707 
0.1885 0.8115 
0.1883 0.8117 
0.2288 0.7712 
0.2298 0.7702 
0.1884 0.8116 
0.9021 0.0979 
0.9178 0.0822 
0.9422 0.0578 
0.9425 0.0575 
0.9518 0.0482 
0.9516 0.0484 
0.9592 0.0408 
0.9653 0.0347 
0.641 0.359 
0.7081 0.2919 
0.7603 0.2397 
0.7082 0.2918 
0.6409 0.3591 
0.801 0.199 
0.8013 0.1987 
0.8341 0.1659 
0.5516 0.4484 
0.4415 0.5585 
0.4421 0.5579 
0.2837 0.7163 
0.3547 0.6453 
0.3548 0.6452 
0.1887 0.8113 
0.9721 0.0279 
0.9728 0.0272 
0.9729 0.0271 
0.9732 0.0268 
0.9732 0.0268 
0.9663 0.0337 
0.9601 0.0399 
0.9523 0.0477 
0.9599 0.0401 
0.9521 0.0479 
0.9517 0.0483 
0.9315 0.0685 
0.9312 0.0688 
0.9176 0.0824 
0.9018 0.0982 
0.8829 0.1171 
0.8597 0.1403 
0.8602 0.1398 
0.8321 0.1679 
0.8327 0.1673 
0.7989 0.2011 
0.7002 0.2998 
0.6274 0.3726 
0.6372 0.3628 
0.5452 0.4548 
0.4388 0.5612 
0.3539 0.6461 
0.3536 0.6464 
0.283 0.717 
0.2295 0.7705 
0.1881 0.8119 
0.1554 0.8446 
0.1554 0.8446 
0.188 0.812 
0.1554 0.8446 
0.1554 0.8446 
0.188 0.812 
0.1555 0.8445 
0.1881 0.8119 
0.1555 0.8445 
0.1881 0.8119 
0.1556 0.8444 
0.1882 0.8118 
0.1558 0.8442 
0.1558 0.8442 
0.1559 0.8441 
0.1883 0.8117 
0.1886 0.8114 
0.8834 0.1166 
0.8831 0.1169 
0.8609 0.1391 
0.8605 0.1395 
0.8338 0.1662 
0.9311 0.0689 
0.9512 0.0488 
0.9691 0.0309 
0.5515 0.4485 
0.7602 0.2398 
0.6408 0.3592 
0.4422 0.5578 
0.5514 0.4486 
0.8006 0.1994 
0.4415 0.5585 
0.4422 0.5578 
0.2302 0.7698 
0.1887 0.8113 
0.9693 0.0307 
0.9647 0.0353 
0.9717 0.0283 
0.9706 0.0294 
0.9718 0.0282 
0.9723 0.0277 
0.9719 0.0281 
0.9725 0.0275 
0.9725 0.0275 
0.9727 0.0273 
0.9726 0.0274 
0.9729 0.0271 
0.9728 0.0272 
0.9727 0.0273 
0.9699 0.0301 
0.9705 0.0295 
0.9661 0.0339 
0.9657 0.0343 
0.959 0.041 
0.9595 0.0405 
0.9514 0.0486 
0.9424 0.0576 
0.9421 0.0579 
0.9173 0.0827 
0.9015 0.0985 
0.8825 0.1175 
0.8826 0.1174 
0.8322 0.1678 
0.798 0.202 
0.7565 0.2435 
0.7553 0.2447 
0.7035 0.2965 
0.6355 0.3645 
0.4397 0.5603 
0.2301 0.7699 
0.1884 0.8116 
0.1558 0.8442 
0.1555 0.8445 
0.1292 0.8708 
0.1292 0.8708 
0.1293 0.8707 
0.1556 0.8444 
0.1559 0.8441 
0.1296 0.8704 
0.156 0.844 
0.1297 0.8703 
0.1296 0.8704 
0.1561 0.8439 
0.1561 0.8439 
0.9017 0.0983 
0.9019 0.0981 
0.9174 0.0826 
0.9176 0.0824 
0.9307 0.0693 
0.9309 0.0691 
0.9417 0.0583 
0.942 0.058 
0.9509 0.0491 
0.9588 0.0412 
0.9668 0.0332 
0.3547 0.6453 
0.4414 0.5586 
0.4411 0.5589 
0.7074 0.2926 
0.7599 0.2401 
0.7079 0.2921 
0.4421 0.5579 
0.4419 0.5581 
0.5513 0.4487 
0.4408 0.5592 
0.8324 0.1676 
0.8332 0.1668 
0.3548 0.6452 
0.2838 0.7162 
0.2837 0.7163 
0.1884 0.8116 
0.1895 0.8105 
0.2304 0.7696 
0.1563 0.8437 
0.9719 0.0281 
0.9714 0.0286 
0.9724 0.0276 
0.9722 0.0278 
0.9725 0.0275 
0.9726 0.0274 
0.9726 0.0274 
0.9727 0.0273 
0.9722 0.0278 
0.9725 0.0275 
0.9721 0.0279 
0.9715 0.0285 
0.965 0.035 
0.9644 0.0356 
0.9586 0.0414 
0.9418 0.0582 
0.9306 0.0694 
0.9309 0.0691 
0.9172 0.0828 
0.9014 0.0986 
0.8829 0.1171 
0.8597 0.1403 
0.8597 0.1403 
0.7988 0.2012 
0.7984 0.2016 
0.7049 0.2951 
0.5478 0.4522 
0.5463 0.4537 
0.4366 0.5634 
0.4371 0.5629 
0.4371 0.5629 
0.4365 0.5635 
0.3524 0.6476 
0.3558 0.6442 
0.2844 0.7156 
0.189 0.811 
0.1563 0.8437 
0.1295 0.8705 
0.1083 0.8917 
0.108 0.892 
0.1293 0.8707 
0.1291 0.8709 
0.1076 0.8924 
0.1077 0.8923 
0.1292 0.8708 
0.1077 0.8923 
0.1292 0.8708 
0.1293 0.8707 
0.1294 0.8706 
0.1078 0.8922 
0.1296 0.8704 
0.1082 0.8918 
0.1081 0.8919 
0.1296 0.8704 
0.1296 0.8704 
0.108 0.892 
0.1081 0.8919 
0.1297 0.8703 
0.9304 0.0696 
0.9583 0.0417 
0.9637 0.0363 
0.9643 0.0357 
0.7064 0.2936 
0.7594 0.2406 
0.7585 0.2415 
0.6403 0.3597 
0.6392 0.3608 
0.5499 0.4501 
0.4405 0.5595 
0.3545 0.6455 
0.3541 0.6459 
0.2836 0.7164 
0.7999 0.2001 
0.2306 0.7694 
0.1356 0.8644 
0.1298 0.8702 
0.1299 0.8701 
0.1323 0.8677 
0.1371 0.8629 
0.1395 0.8605 
0.1392 0.8608 
0.1376 0.8624 
0.1364 0.8636 
0.1323 0.8677 
0.1306 0.8694 
0.1564 0.8436 
0.9712 0.0288 
0.9686 0.0314 
0.9716 0.0284 
0.968 0.032 
0.9585 0.0415 
0.9511 0.0489 
0.951 0.049 
0.9416 0.0584 
0.7568 0.2432 
0.6375 0.3625 
0.352 0.648 
0.4368 0.5632 
0.2824 0.7176 
0.2827 0.7173 
0.3533 0.6467 
0.2912 0.7088 
0.2342 0.7658 
0.2315 0.7685 
0.157 0.843 
0.1304 0.8696 
0.1299 0.8701 
0.0907 0.9093 
0.1078 0.8922 
0.0899 0.9101 
0.0901 0.9099 
0.0896 0.9104 
0.1078 0.8922 
0.0899 0.9101 
0.1077 0.8923 
0.0899 0.9101 
0.1078 0.8922 
0.1079 0.8921 
0.0902 0.9098 
0.108 0.892 
0.1082 0.8918 
0.0939 0.9061 
0.0914 0.9086 
0.0922 0.9078 
0.0903 0.9097 
0.2304 0.7696 
0.44 0.56 
0.4374 0.5626 
0.2832 0.7168 
0.2303 0.7697 
0.2834 0.7166 
0.189 0.811 
0.1889 0.8111 
0.1235 0.8765 
0.1297 0.8703 
0.122 0.878 
0.1163 0.8837 
0.1081 0.8919 
0.1104 0.8896 
0.1264 0.8736 
0.1272 0.8728 
0.1298 0.8702 
0.1396 0.8604 
0.1386 0.8614 
0.1393 0.8607 
0.1353 0.8647 
0.1365 0.8635 
0.1312 0.8688 
0.1332 0.8668 
0.1298 0.8702 
0.1161 0.8839 
0.1218 0.8782 
0.1563 0.8437 
0.1562 0.8438 
0.1049 0.8951 
0.1046 0.8954 
0.1008 0.8992 
0.0951 0.9049 
0.2837 0.7163 
0.191 0.809 
0.1901 0.8099 
0.1089 0.8911 
0.1087 0.8913 
0.0904 0.9096 
0.0901 0.9099 
0.0754 0.9246 
0.0752 0.9248 
0.075 0.925 
0.0899 0.9101 
0.0749 0.9251 
0.0899 0.9101 
0.09 0.91 
0.09 0.91 
0.0751 0.9249 
0.09 0.91 
0.0751 0.9249 
0.0902 0.9098 
0.0902 0.9098 
0.0752 0.9248 
0.0795 0.9205 
0.0903 0.9097 
0.0901 0.9099 
0.0809 0.9191 
0.0865 0.9135 
0.0901 0.9099 
0.0933 0.9067 
0.0928 0.9072 
0.0909 0.9091 
0.092 0.908 
0.0913 0.9087 
0.0902 0.9098 
0.0894 0.9106 
0.0829 0.9171 
0.0823 0.9177 
0.0771 0.9229 
0.0778 0.9222 
0.0821 0.9179 
0.2299 0.7701 
0.2301 0.7699 
0.1888 0.8112 
0.108 0.892 
0.1156 0.8844 
0.116 0.884 
0.1211 0.8789 
0.1239 0.8761 
0.1254 0.8746 
0.1214 0.8786 
0.1288 0.8712 
0.1311 0.8689 
0.1352 0.8648 
0.1333 0.8667 
0.1288 0.8712 
0.1245 0.8755 
0.1276 0.8724 
0.1268 0.8732 
0.1272 0.8728 
0.1226 0.8774 
0.1272 0.8728 
0.1079 0.8921 
0.1213 0.8787 
0.1158 0.8842 
0.1167 0.8833 
0.1108 0.8892 
0.1112 0.8888 
0.091 0.909 
0.0899 0.9101 
0.0878 0.9122 
0.0898 0.9102 
0.0847 0.9153 
0.0853 0.9147 
0.0749 0.9251 
0.0876 0.9124 
0.0882 0.9118 
0.0931 0.9069 
0.0939 0.9061 
0.0959 0.9041 
0.0954 0.9046 
0.0998 0.9002 
0.0999 0.9001 
0.1049 0.8951 
0.1886 0.8114 
0.2297 0.7703 
0.1886 0.8114 
0.2299 0.7701 
0.2311 0.7689 
0.1575 0.8425 
0.1307 0.8693 
0.1087 0.8913 
0.0908 0.9092 
0.0757 0.9243 
0.0757 0.9243 
0.063 0.937 
0.0756 0.9244 
0.075 0.925 
0.0749 0.9251 
0.0749 0.9251 
0.0623 0.9377 
0.0749 0.9251 
0.075 0.925 
0.0623 0.9377 
0.075 0.925 
0.0624 0.9376 
0.0625 0.9375 
0.0752 0.9248 
0.0625 0.9375 
0.0626 0.9374 
0.0752 0.9248 
0.0626 0.9374 
0.0751 0.9249 
0.0743 0.9257 
0.0772 0.9228 
0.0823 0.9177 
0.0839 0.9161 
0.087 0.913 
0.0909 0.9091 
0.0862 0.9138 
0.087 0.913 
0.0816 0.9184 
0.0864 0.9136 
0.086 0.914 
0.0834 0.9166 
0.0821 0.9179 
0.0752 0.9248 
0.0736 0.9264 
0.0625 0.9375 
0.0671 0.9329 
0.0751 0.9249 
0.1887 0.8113 
0.1561 0.8439 
0.1562 0.8438 
0.1097 0.8903 
0.1048 0.8952 
0.1103 0.8897 
0.1148 0.8852 
0.1188 0.8812 
0.1236 0.8764 
0.1196 0.8804 
0.1188 0.8812 
0.1196 0.8804 
0.1298 0.8702 
0.1102 0.8898 
0.1047 0.8953 
0.1079 0.8921 
0.0895 0.9105 
0.1007 0.8993 
0.0953 0.9047 
0.1047 0.8953 
0.0898 0.9102 
0.1101 0.8899 
0.1047 0.8953 
0.0915 0.9085 
0.0624 0.9376 
0.0748 0.9252 
0.092 0.908 
0.0897 0.9103 
0.0859 0.9141 
0.0853 0.9147 
0.086 0.914 
0.086 0.914 
0.089 0.911 
0.0889 0.9111 
0.0924 0.9076 
0.1001 0.8999 
0.1561 0.8439 
0.1889 0.8111 
0.1563 0.8437 
0.1902 0.8098 
0.1571 0.8429 
0.1305 0.8695 
0.0908 0.9092 
0.1083 0.8917 
0.0908 0.9092 
0.063 0.937 
0.0629 0.9371 
0.0522 0.9478 
0.0627 0.9373 
0.0625 0.9375 
0.0519 0.9481 
0.0624 0.9376 
0.0624 0.9376 
0.0517 0.9483 
0.0622 0.9378 
0.0623 0.9377 
0.0514 0.9486 
0.0515 0.9485 
0.0623 0.9377 
0.0624 0.9376 
0.0516 0.9484 
0.0518 0.9482 
0.0518 0.9482 
0.0668 0.9332 
0.0627 0.9373 
0.0519 0.9481 
0.0616 0.9384 
0.0721 0.9279 
0.0769 0.9231 
0.0739 0.9261 
0.0819 0.9181 
0.0722 0.9278 
0.0862 0.9138 
0.0816 0.9184 
0.0769 0.9231 
0.0816 0.9184 
0.077 0.923 
0.0771 0.9229 
0.077 0.923 
0.0817 0.9183 
0.077 0.923 
0.072 0.928 
0.072 0.928 
0.0719 0.9281 
0.0656 0.9344 
0.0626 0.9374 
0.0625 0.9375 
0.0523 0.9477 
0.055 0.945 
0.0517 0.9483 
0.0587 0.9413 
0.1141 0.8859 
0.1092 0.8908 
0.1139 0.8861 
0.1141 0.8859 
0.1147 0.8853 
0.1082 0.8918 
0.1299 0.8701 
0.1298 0.8702 
0.1083 0.8917 
0.0915 0.9085 
0.0869 0.9131 
0.0858 0.9142 
0.0821 0.9179 
0.0996 0.9004 
0.095 0.905 
0.0931 0.9069 
0.0901 0.9099 
0.0913 0.9087 
0.0863 0.9137 
0.092 0.908 
0.0928 0.9072 
0.091 0.909 
0.0923 0.9077 
0.1093 0.8907 
0.1096 0.8904 
0.1 0.9 
0.0623 0.9377 
0.0769 0.9231 
0.0749 0.9251 
0.0718 0.9282 
0.067 0.933 
0.0917 0.9083 
0.0909 0.9091 
0.0962 0.9038 
0.0889 0.9111 
0.0962 0.9038 
0.0925 0.9075 
0.1003 0.8997 
0.1047 0.8953 
0.1093 0.8907 
0.1561 0.8439 
0.1083 0.8917 
0.13 0.87 
0.0629 0.9371 
0.0757 0.9243 
0.0631 0.9369 
0.0524 0.9476 
0.0522 0.9478 
0.0521 0.9479 
0.0429 0.9571 
0.0518 0.9482 
0.0517 0.9483 
0.0515 0.9485 
0.0422 0.9578 
0.0423 0.9577 
0.0515 0.9485 
0.0515 0.9485 
0.0516 0.9484 
0.0424 0.9576 
0.0423 0.9577 
0.0424 0.9576 
0.0425 0.9575 
0.0518 0.9482 
0.0426 0.9574 
0.063 0.937 
0.0626 0.9374 
0.0673 0.9327 
0.0679 0.9321 
0.0588 0.9412 
0.052 0.948 
0.0684 0.9316 
0.0725 0.9275 
0.0728 0.9272 
0.0726 0.9274 
0.0769 0.9231 
0.0724 0.9276 
0.0682 0.9318 
0.0676 0.9324 
0.0644 0.9356 
0.0637 0.9363 
0.0558 0.9442 
0.0561 0.9439 
0.0587 0.9413 
0.0584 0.9416 
0.0594 0.9406 
0.0599 0.9401 
0.0503 0.9497 
0.0427 0.9573 
0.0425 0.9575 
0.0534 0.9466 
0.0513 0.9487 
0.0519 0.9481 
0.1298 0.8702 
0.1046 0.8954 
0.1046 0.8954 
0.0939 0.9061 
0.0933 0.9067 
0.0904 0.9096 
0.0902 0.9098 
0.084 0.916 
0.0904 0.9096 
0.0772 0.9228 
0.0958 0.9042 
0.082 0.918 
0.0776 0.9224 
0.0799 0.9201 
0.0819 0.9181 
0.0827 0.9173 
0.0816 0.9184 
0.0893 0.9107 
0.1002 0.8998 
0.0862 0.9138 
0.0816 0.9184 
0.1003 0.8997 
0.0517 0.9483 
0.0516 0.9484 
0.0425 0.9575 
0.0517 0.9483 
0.0624 0.9376 
0.0598 0.9402 
0.0587 0.9413 
0.075 0.925 
0.0767 0.9233 
0.0625 0.9375 
0.0649 0.9351 
0.0655 0.9345 
0.0674 0.9326 
0.0734 0.9266 
0.1083 0.8917 
0.1083 0.8917 
0.1298 0.8702 
0.0904 0.9096 
0.0905 0.9095 
0.0754 0.9246 
0.0628 0.9372 
0.0756 0.9244 
0.0521 0.9479 
0.0431 0.9569 
0.0352 0.9648 
0.043 0.957 
0.0351 0.9649 
0.0428 0.9572 
0.0427 0.9573 
0.0425 0.9575 
0.0424 0.9576 
0.0423 0.9577 
0.0423 0.9577 
0.0344 0.9656 
0.0343 0.9657 
0.0423 0.9577 
0.0344 0.9656 
0.0346 0.9654 
0.0598 0.9402 
0.0597 0.9403 
0.0577 0.9423 
0.0554 0.9446 
0.0553 0.9447 
0.0427 0.9573 
0.0428 0.9572 
0.0503 0.9497 
0.0498 0.9502 
0.0494 0.9506 
0.0348 0.9652 
0.0347 0.9653 
0.0727 0.9273 
0.0687 0.9313 
0.0649 0.9351 
0.0686 0.9314 
0.0652 0.9348 
0.0614 0.9386 
0.0578 0.9422 
0.0604 0.9396 
0.054 0.946 
0.0489 0.9511 
0.0489 0.9511 
0.0348 0.9652 
0.0499 0.9501 
0.0525 0.9475 
0.0496 0.9504 
0.049 0.951 
0.0346 0.9654 
0.0347 0.9653 
0.0904 0.9096 
0.0909 0.9091 
0.0863 0.9137 
0.082 0.918 
0.0871 0.9129 
0.0872 0.9128 
0.0866 0.9134 
0.0824 0.9176 
0.0795 0.9205 
0.081 0.919 
0.076 0.924 
0.0751 0.9249 
0.0742 0.9258 
0.0719 0.9281 
0.0722 0.9278 
0.0346 0.9654 
0.0548 0.9452 
0.0425 0.9575 
0.0495 0.9505 
0.0624 0.9376 
0.0635 0.9365 
0.0554 0.9446 
0.0557 0.9443 
0.0584 0.9416 
0.0587 0.9413 
0.068 0.932 
0.0753 0.9247 
0.052 0.948 
0.0429 0.9571 
0.0284 0.9716 
0.0285 0.9715 
0.035 0.965 
0.0349 0.9651 
0.0347 0.9653 
0.0281 0.9719 
0.0279 0.9721 
0.0346 0.9654 
0.0277 0.9723 
0.0345 0.9655 
0.0275 0.9725 
0.0344 0.9656 
0.0343 0.9657 
0.0275 0.9725 
0.0343 0.9657 
0.0275 0.9725 
0.0275 0.9725 
0.0276 0.9724 
0.0344 0.9656 
0.0346 0.9654 
0.0277 0.9723 
0.061 0.939 
0.0641 0.9359 
0.0578 0.9422 
0.0552 0.9448 
0.0523 0.9477 
0.0516 0.9484 
0.0519 0.9481 
0.0536 0.9464 
0.0492 0.9508 
0.0281 0.9719 
0.0648 0.9352 
0.0688 0.9312 
0.0651 0.9349 
0.0592 0.9408 
0.0619 0.9381 
0.0506 0.9494 
0.049 0.951 
0.028 0.972 
0.0279 0.9721 
0.0516 0.9484 
0.0559 0.9441 
0.0587 0.9413 
0.0543 0.9457 
0.0568 0.9432 
0.0667 0.9333 
0.072 0.928 
0.0816 0.9184 
0.0769 0.9231 
0.0769 0.9231 
0.0721 0.9279 
0.0768 0.9232 
0.0725 0.9275 
0.0769 0.9231 
0.0727 0.9273 
0.077 0.923 
0.077 0.923 
0.0816 0.9184 
0.0346 0.9654 
0.051 0.949 
0.0521 0.9479 
0.0517 0.9483 
0.0538 0.9462 
0.0559 0.9441 
0.0532 0.9468 
0.0492 0.9508 
0.0486 0.9514 
0.0486 0.9514 
0.0486 0.9514 
0.0425 0.9575 
0.0346 0.9654 
0.05 0.95 
0.0277 0.9723 
0.0684 0.9316 
0.0603 0.9397 
0.0643 0.9357 
0.0625 0.9375 
0.0626 0.9374 
0.0596 0.9404 
0.0518 0.9482 
0.0427 0.9573 
0.0348 0.9652 
0.035 0.965 
0.0229 0.9771 
0.0283 0.9717 
0.022 0.978 
0.0276 0.9724 
0.0218 0.9782 
0.0216 0.9784 
0.0217 0.9783 
0.0217 0.9783 
0.0216 0.9784 
0.0217 0.9783 
0.0276 0.9724 
0.0217 0.9783 
0.0217 0.9783 
0.0278 0.9722 
0.0279 0.9721 
0.0592 0.9408 
0.0617 0.9383 
0.062 0.938 
0.0569 0.9431 
0.0588 0.9412 
0.0531 0.9469 
0.0547 0.9453 
0.0547 0.9453 
0.0563 0.9437 
0.0505 0.9495 
0.0511 0.9489 
0.0513 0.9487 
0.0533 0.9467 
0.053 0.947 
0.052 0.948 
0.0519 0.9481 
0.0219 0.9781 
0.0219 0.9781 
0.0278 0.9722 
0.0551 0.9449 
0.0678 0.9322 
0.0672 0.9328 
0.0639 0.9361 
0.0626 0.9374 
0.0726 0.9274 
0.0683 0.9317 
0.0724 0.9276 
0.0686 0.9314 
0.0219 0.9781 
0.0523 0.9477 
0.0513 0.9487 
0.0541 0.9459 
0.0557 0.9443 
0.0488 0.9512 
0.0513 0.9487 
0.0516 0.9484 
0.0425 0.9575 
0.0347 0.9653 
0.0491 0.9509 
0.0486 0.9514 
0.051 0.949 
0.0278 0.9722 
0.0576 0.9424 
0.0648 0.9352 
0.0612 0.9388 
0.065 0.935 
0.0585 0.9415 
0.0573 0.9427 
0.052 0.948 
0.0549 0.9451 
0.0516 0.9484 
0.0426 0.9574 
0.0282 0.9718 
0.028 0.972 
0.0226 0.9774 
0.0177 0.9823 
0.0227 0.9773 
0.0223 0.9777 
0.0181 0.9819 
0.0171 0.9829 
0.0168 0.9832 
0.0166 0.9834 
0.0166 0.9834 
0.0166 0.9834 
0.017 0.983 
0.0219 0.9781 
0.0179 0.9821 
0.0221 0.9779 
0.017 0.983 
0.0224 0.9776 
0.0222 0.9778 
0.0168 0.9832 
0.0629 0.9371 
0.0594 0.9406 
0.0575 0.9425 
0.055 0.945 
0.0549 0.9451 
0.0686 0.9314 
0.0649 0.9351 
0.0565 0.9435 
0.0528 0.9472 
0.05 0.95 
0.0496 0.9504 
0.0278 0.9722 
0.0516 0.9484 
0.0528 0.9472 
0.0502 0.9498 
0.0508 0.9492 
0.0502 0.9498 
0.0517 0.9483 
0.022 0.978 
0.0531 0.9469 
0.0169 0.9831 
0.0617 0.9383 
0.0585 0.9415 
0.0618 0.9382 
0.0224 0.9776 
0.0221 0.9779 
0.0186 0.9814 
0.0142 0.9858 
0.0133 0.9867 
0.0125 0.9875 
0.0127 0.9873 
0.0167 0.9833 
0.0124 0.9876 
0.0166 0.9834 
0.0167 0.9833 
0.0124 0.9876 
0.0168 0.9832 
0.0169 0.9831 
0.064 0.936 
0.0608 0.9392 
0.0615 0.9385 
0.0585 0.9415 
0.0561 0.9439 
0.0544 0.9456 
0.0646 0.9354 
0.0127 0.9873 
0.0126 0.9874 
0.0548 0.9452 
0.0567 0.9433 
0.0544 0.9456 
0.017 0.983 
0.059 0.941 
0.059 0.941 
0.0174 0.9826 
0.0095 0.9905 
0.0132 0.9868 
0.0093 0.9907 
0.009 0.991 
0.0124 0.9876 
0.0088 0.9912 
0.0123 0.9877 
0.0088 0.9912 
0.0124 0.9876 
0.0089 0.9911 
0.0126 0.9874 
0.0091 0.9909 
0.0128 0.9872 
0.0092 0.9908 
0.013 0.987 
0.0127 0.9873 
0.0126 0.9874 
0.0131 0.9869 
0.0098 0.9902 
0.0064 0.9936 
0.0065 0.9935 
0.0089 0.9911 
0.0089 0.9911 
0.0062 0.9938 
0.0091 0.9909 
0.009 0.991 
0.0091 0.9909 
0.0063 0.9937 
0.0093 0.9907 
0.0039 0.9961 
0.0062 0.9938 
0.006 0.994 
0.006 0.994 
0.0039 0.9961 
0.006 0.994 
0.0039 0.9961 
0.004 0.996 
0.0061 0.9939 
0.0039 0.9961 
0.0062 0.9938 
0.0062 0.9938 
0.0062 0.9938 
0.0041 0.9959 
0.0041 0.9959 
0.0041 0.9959 
0.0026 0.9974 
0.0024 0.9976 
0.0025 0.9975 
0.004 0.996 
0.0025 0.9975 
0.0019 0.9981 
0.0019 0.9981 
0.002 0.998 
0.0019 0.9981 
0.0025 0.9975 
0.0019 0.9981 
